# JRE version: OpenJDK Runtime Environment (11.0.15) (build 11.0.15+0-b2043.56-9505619)
# Java VM: OpenJDK 64-Bit Server VM (11.0.15+0-b2043.56-9505619, mixed mode, tiered, compressed oops, g1 gc, windows-amd64)
Heap:
 garbage-first heap   total 534528K, used 265216K [0x00000000a0000000, 0x0000000100000000)
  region size 1024K, 22 young (22528K), 4 survivors (4096K)
 Metaspace       used 279736K, capacity 286422K, committed 287184K, reserved 1300480K
  class space    used 33400K, capacity 35925K, committed 36224K, reserved 1048576K
GC Heap History (20 events):
Event: 3808.246 GC heap before
{Heap before GC invocations=466 (full 0):
 garbage-first heap   total 534528K, used 269409K [0x00000000a0000000, 0x0000000100000000)
  region size 1024K, 26 young (26624K), 1 survivors (1024K)
 Metaspace       used 279695K, capacity 286334K, committed 287184K, reserved 1300480K
  class space    used 33397K, capacity 35921K, committed 36224K, reserved 1048576K
}
Event: 3809.489 GC heap after
{Heap after GC invocations=467 (full 0):
 garbage-first heap   total 534528K, used 227818K [0x00000000a0000000, 0x0000000100000000)
  region size 1024K, 4 young (4096K), 4 survivors (4096K)
 Metaspace       used 279695K, capacity 286334K, committed 287184K, reserved 1300480K
  class space    used 33397K, capacity 35921K, committed 36224K, reserved 1048576K
}
Event: 3817.254 GC heap before
{Heap before GC invocations=467 (full 0):
 garbage-first heap   total 534528K, used 253418K [0x00000000a0000000, 0x0000000100000000)
  region size 1024K, 26 young (26624K), 4 survivors (4096K)
 Metaspace       used 279695K, capacity 286334K, committed 287184K, reserved 1300480K
  class space    used 33397K, capacity 35921K, committed 36224K, reserved 1048576K
}
Event: 3819.549 GC heap after
{Heap after GC invocations=468 (full 0):
 garbage-first heap   total 534528K, used 219136K [0x00000000a0000000, 0x0000000100000000)
  region size 1024K, 4 young (4096K), 4 survivors (4096K)
 Metaspace       used 279695K, capacity 286334K, committed 287184K, reserved 1300480K
  class space    used 33397K, capacity 35921K, committed 36224K, reserved 1048576K
}
Event: 3824.892 GC heap before
{Heap before GC invocations=468 (full 0):
 garbage-first heap   total 534528K, used 240640K [0x00000000a0000000, 0x0000000100000000)
  region size 1024K, 26 young (26624K), 4 survivors (4096K)
 Metaspace       used 279695K, capacity 286334K, committed 287184K, reserved 1300480K
  class space    used 33397K, capacity 35921K, committed 36224K, reserved 1048576K
}
Event: 3828.849 GC heap after
{Heap after GC invocations=469 (full 0):
 garbage-first heap   total 534528K, used 210584K [0x00000000a0000000, 0x0000000100000000)
  region size 1024K, 4 young (4096K), 4 survivors (4096K)
 Metaspace       used 279695K, capacity 286334K, committed 287184K, reserved 1300480K
  class space    used 33397K, capacity 35921K, committed 36224K, reserved 1048576K
}
Event: 3834.887 GC heap before
{Heap before GC invocations=469 (full 0):
 garbage-first heap   total 534528K, used 235160K [0x00000000a0000000, 0x0000000100000000)
  region size 1024K, 26 young (26624K), 4 survivors (4096K)
 Metaspace       used 279732K, capacity 286421K, committed 287184K, reserved 1300480K
  class space    used 33400K, capacity 35925K, committed 36224K, reserved 1048576K
}
Event: 3835.027 GC heap after
{Heap after GC invocations=470 (full 0):
 garbage-first heap   total 534528K, used 217600K [0x00000000a0000000, 0x0000000100000000)
  region size 1024K, 4 young (4096K), 4 survivors (4096K)
 Metaspace       used 279732K, capacity 286421K, committed 287184K, reserved 1300480K
  class space    used 33400K, capacity 35925K, committed 36224K, reserved 1048576K
}
Event: 3836.790 GC heap before
{Heap before GC invocations=470 (full 0):
 garbage-first heap   total 534528K, used 240128K [0x00000000a0000000, 0x0000000100000000)
  region size 1024K, 26 young (26624K), 4 survivors (4096K)
 Metaspace       used 279733K, capacity 286422K, committed 287184K, reserved 1300480K
  class space    used 33400K, capacity 35925K, committed 36224K, reserved 1048576K
}
Event: 3836.916 GC heap after
{Heap after GC invocations=471 (full 0):
 garbage-first heap   total 534528K, used 222720K [0x00000000a0000000, 0x0000000100000000)
  region size 1024K, 4 young (4096K), 4 survivors (4096K)
 Metaspace       used 279733K, capacity 286422K, committed 287184K, reserved 1300480K
  class space    used 33400K, capacity 35925K, committed 36224K, reserved 1048576K
}
Event: 3839.395 GC heap before
{Heap before GC invocations=471 (full 0):
 garbage-first heap   total 534528K, used 245248K [0x00000000a0000000, 0x0000000100000000)
  region size 1024K, 26 young (26624K), 4 survivors (4096K)
 Metaspace       used 279734K, capacity 286422K, committed 287184K, reserved 1300480K
  class space    used 33400K, capacity 35925K, committed 36224K, reserved 1048576K
}
Event: 3839.497 GC heap after
{Heap after GC invocations=472 (full 0):
 garbage-first heap   total 534528K, used 227840K [0x00000000a0000000, 0x0000000100000000)
  region size 1024K, 4 young (4096K), 4 survivors (4096K)
 Metaspace       used 279734K, capacity 286422K, committed 287184K, reserved 1300480K
  class space    used 33400K, capacity 35925K, committed 36224K, reserved 1048576K
}
Event: 3840.429 GC heap before
{Heap before GC invocations=472 (full 0):
 garbage-first heap   total 534528K, used 249344K [0x00000000a0000000, 0x0000000100000000)
  region size 1024K, 26 young (26624K), 4 survivors (4096K)
 Metaspace       used 279734K, capacity 286422K, committed 287184K, reserved 1300480K
  class space    used 33400K, capacity 35925K, committed 36224K, reserved 1048576K
}
Event: 3840.540 GC heap after
{Heap after GC invocations=473 (full 0):
 garbage-first heap   total 534528K, used 233600K [0x00000000a0000000, 0x0000000100000000)
  region size 1024K, 4 young (4096K), 4 survivors (4096K)
 Metaspace       used 279734K, capacity 286422K, committed 287184K, reserved 1300480K
  class space    used 33400K, capacity 35925K, committed 36224K, reserved 1048576K
}
Event: 3843.915 GC heap before
{Heap before GC invocations=473 (full 0):
 garbage-first heap   total 534528K, used 256128K [0x00000000a0000000, 0x0000000100000000)
  region size 1024K, 26 young (26624K), 4 survivors (4096K)
 Metaspace       used 279734K, capacity 286422K, committed 287184K, reserved 1300480K
  class space    used 33400K, capacity 35925K, committed 36224K, reserved 1048576K
}
Event: 3844.028 GC heap after
{Heap after GC invocations=474 (full 0):
 garbage-first heap   total 534528K, used 238592K [0x00000000a0000000, 0x0000000100000000)
  region size 1024K, 4 young (4096K), 4 survivors (4096K)
 Metaspace       used 279734K, capacity 286422K, committed 287184K, reserved 1300480K
  class space    used 33400K, capacity 35925K, committed 36224K, reserved 1048576K
}
Event: 3867.888 GC heap before
{Heap before GC invocations=475 (full 0):
 garbage-first heap   total 534528K, used 261120K [0x00000000a0000000, 0x0000000100000000)
  region size 1024K, 26 young (26624K), 4 survivors (4096K)
 Metaspace       used 279735K, capacity 286422K, committed 287184K, reserved 1300480K
  class space    used 33400K, capacity 35925K, committed 36224K, reserved 1048576K
}
Event: 3868.994 GC heap after
{Heap after GC invocations=476 (full 0):
 garbage-first heap   total 534528K, used 244623K [0x00000000a0000000, 0x0000000100000000)
  region size 1024K, 4 young (4096K), 4 survivors (4096K)
 Metaspace       used 279735K, capacity 286422K, committed 287184K, reserved 1300480K
  class space    used 33400K, capacity 35925K, committed 36224K, reserved 1048576K
}
Event: 3898.748 GC heap before
{Heap before GC invocations=476 (full 0):
 garbage-first heap   total 534528K, used 266127K [0x00000000a0000000, 0x0000000100000000)
  region size 1024K, 26 young (26624K), 4 survivors (4096K)
 Metaspace       used 279736K, capacity 286422K, committed 287184K, reserved 1300480K
  class space    used 33400K, capacity 35925K, committed 36224K, reserved 1048576K
}
Event: 3907.703 GC heap after
{Heap after GC invocations=477 (full 0):
 garbage-first heap   total 534528K, used 247808K [0x00000000a0000000, 0x0000000100000000)
  region size 1024K, 4 young (4096K), 4 survivors (4096K)
 Metaspace       used 279736K, capacity 286422K, committed 287184K, reserved 1300480K
  class space    used 33400K, capacity 35925K, committed 36224K, reserved 1048576K
}

